<?xml version="1.0" encoding="UTF-8"?>
<testsuite name="org.cap.test.MyParameterizedTestCase" tests="5" skipped="0" failures="0" errors="0" timestamp="2017-02-16T11:47:02" hostname="LIN73000499" time="0.003">
  <properties/>
  <testcase name="test_AddNumbers[0]" classname="org.cap.test.MyParameterizedTestCase" time="0.001"/>
  <testcase name="test_AddNumbers[1]" classname="org.cap.test.MyParameterizedTestCase" time="0.0"/>
  <testcase name="test_AddNumbers[2]" classname="org.cap.test.MyParameterizedTestCase" time="0.0"/>
  <testcase name="test_AddNumbers[3]" classname="org.cap.test.MyParameterizedTestCase" time="0.001"/>
  <testcase name="test_AddNumbers[4]" classname="org.cap.test.MyParameterizedTestCase" time="0.0"/>
  <system-out><![CDATA[]]></system-out>
  <system-err><![CDATA[]]></system-err>
</testsuite>
