<?xml version="1.0" encoding="UTF-8"?>
<testsuite name="org.cap.test.TestBankApp" tests="4" skipped="0" failures="0" errors="0" timestamp="2017-02-16T11:47:02" hostname="LIN73000499" time="0.124">
  <properties/>
  <testcase name="test_Find_byAccount_ID" classname="org.cap.test.TestBankApp" time="0.113"/>
  <testcase name="test_sumnumbers" classname="org.cap.test.TestBankApp" time="0.003"/>
  <testcase name="test_addAccount_with_validAccount" classname="org.cap.test.TestBankApp" time="0.007"/>
  <testcase name="test_WithDrawMethod" classname="org.cap.test.TestBankApp" time="0.001"/>
  <system-out><![CDATA[]]></system-out>
  <system-err><![CDATA[]]></system-err>
</testsuite>
